INFO JavaFX Application Thread com.zaxxer.hikari.HikariDataSource - HikariPool-1 - Starting...
INFO JavaFX Application Thread com.zaxxer.hikari.HikariDataSource - HikariPool-1 - Start completed.
INFO JavaFX Application Thread com.zaxxer.hikari.HikariDataSource - HikariPool-1 - Starting...
INFO JavaFX Application Thread com.zaxxer.hikari.HikariDataSource - HikariPool-1 - Start completed.
INFO JavaFX Application Thread com.zaxxer.hikari.HikariDataSource - HikariPool-1 - Starting...
INFO JavaFX Application Thread com.zaxxer.hikari.HikariDataSource - HikariPool-1 - Start completed.
INFO JavaFX Application Thread com.zaxxer.hikari.HikariDataSource - HikariPool-1 - Starting...
INFO JavaFX Application Thread com.zaxxer.hikari.HikariDataSource - HikariPool-1 - Start completed.
INFO JavaFX Application Thread com.zaxxer.hikari.HikariDataSource - HikariPool-1 - Starting...
INFO JavaFX Application Thread com.zaxxer.hikari.HikariDataSource - HikariPool-1 - Start completed.
INFO JavaFX Application Thread com.zaxxer.hikari.HikariDataSource - HikariPool-1 - Starting...
INFO JavaFX Application Thread com.zaxxer.hikari.HikariDataSource - HikariPool-1 - Start completed.
INFO JavaFX Application Thread com.zaxxer.hikari.HikariDataSource - HikariPool-1 - Starting...
INFO JavaFX Application Thread com.zaxxer.hikari.HikariDataSource - HikariPool-1 - Start completed.
INFO JavaFX Application Thread com.zaxxer.hikari.HikariDataSource - HikariPool-1 - Starting...
INFO JavaFX Application Thread com.zaxxer.hikari.HikariDataSource - HikariPool-1 - Start completed.
INFO JavaFX Application Thread com.zaxxer.hikari.HikariDataSource - HikariPool-1 - Starting...
INFO JavaFX Application Thread com.zaxxer.hikari.HikariDataSource - HikariPool-1 - Start completed.
INFO JavaFX Application Thread com.zaxxer.hikari.HikariDataSource - HikariPool-1 - Starting...
INFO JavaFX Application Thread com.zaxxer.hikari.HikariDataSource - HikariPool-1 - Start completed.
INFO JavaFX Application Thread com.zaxxer.hikari.HikariDataSource - HikariPool-1 - Starting...
INFO JavaFX Application Thread com.zaxxer.hikari.HikariDataSource - HikariPool-1 - Start completed.
INFO JavaFX Application Thread com.zaxxer.hikari.HikariDataSource - HikariPool-1 - Starting...
INFO JavaFX Application Thread com.zaxxer.hikari.HikariDataSource - HikariPool-1 - Start completed.
INFO JavaFX Application Thread com.zaxxer.hikari.HikariDataSource - HikariPool-1 - Starting...
INFO JavaFX Application Thread com.zaxxer.hikari.HikariDataSource - HikariPool-1 - Start completed.
INFO JavaFX Application Thread com.zaxxer.hikari.HikariDataSource - HikariPool-1 - Starting...
INFO JavaFX Application Thread com.zaxxer.hikari.HikariDataSource - HikariPool-1 - Start completed.
INFO JavaFX Application Thread com.zaxxer.hikari.HikariDataSource - HikariPool-1 - Starting...
INFO JavaFX Application Thread com.zaxxer.hikari.HikariDataSource - HikariPool-1 - Start completed.
INFO JavaFX Application Thread com.zaxxer.hikari.HikariDataSource - HikariPool-1 - Starting...
INFO JavaFX Application Thread com.zaxxer.hikari.HikariDataSource - HikariPool-1 - Start completed.
INFO JavaFX Application Thread com.zaxxer.hikari.HikariDataSource - HikariPool-1 - Starting...
INFO JavaFX Application Thread com.zaxxer.hikari.HikariDataSource - HikariPool-1 - Start completed.
INFO JavaFX Application Thread com.zaxxer.hikari.HikariDataSource - HikariPool-1 - Starting...
INFO JavaFX Application Thread com.zaxxer.hikari.HikariDataSource - HikariPool-1 - Start completed.
INFO JavaFX Application Thread com.zaxxer.hikari.HikariDataSource - HikariPool-1 - Starting...
INFO JavaFX Application Thread com.zaxxer.hikari.HikariDataSource - HikariPool-1 - Start completed.
INFO JavaFX Application Thread com.zaxxer.hikari.HikariDataSource - HikariPool-1 - Starting...
INFO JavaFX Application Thread com.zaxxer.hikari.HikariDataSource - HikariPool-1 - Start completed.
INFO JavaFX Application Thread com.zaxxer.hikari.HikariDataSource - HikariPool-1 - Starting...
INFO JavaFX Application Thread com.zaxxer.hikari.HikariDataSource - HikariPool-1 - Start completed.
INFO JavaFX Application Thread com.zaxxer.hikari.HikariDataSource - HikariPool-1 - Starting...
INFO JavaFX Application Thread com.zaxxer.hikari.HikariDataSource - HikariPool-1 - Start completed.
INFO JavaFX Application Thread com.zaxxer.hikari.HikariDataSource - HikariPool-1 - Starting...
INFO JavaFX Application Thread com.zaxxer.hikari.HikariDataSource - HikariPool-1 - Start completed.
INFO JavaFX Application Thread com.zaxxer.hikari.HikariDataSource - HikariPool-1 - Starting...
INFO JavaFX Application Thread com.zaxxer.hikari.HikariDataSource - HikariPool-1 - Start completed.
INFO JavaFX Application Thread com.zaxxer.hikari.HikariDataSource - HikariPool-1 - Starting...
INFO JavaFX Application Thread com.zaxxer.hikari.HikariDataSource - HikariPool-1 - Start completed.
INFO JavaFX Application Thread com.zaxxer.hikari.HikariDataSource - HikariPool-1 - Starting...
INFO JavaFX Application Thread com.zaxxer.hikari.HikariDataSource - HikariPool-1 - Start completed.
WARN HikariPool-1 housekeeper com.zaxxer.hikari.pool.HikariPool - HikariPool-1 - Thread starvation or clock leap detected (housekeeper delta=56m29s695ms90µs400ns).
WARN HikariPool-1 housekeeper com.zaxxer.hikari.pool.HikariPool - HikariPool-1 - Thread starvation or clock leap detected (housekeeper delta=1m7s329ms650µs).
WARN HikariPool-1 housekeeper com.zaxxer.hikari.pool.HikariPool - HikariPool-1 - Thread starvation or clock leap detected (housekeeper delta=3m8s587ms552µs200ns).
WARN HikariPool-1 housekeeper com.zaxxer.hikari.pool.HikariPool - HikariPool-1 - Thread starvation or clock leap detected (housekeeper delta=55m12s771ms282µs999ns).
WARN HikariPool-1 housekeeper com.zaxxer.hikari.pool.HikariPool - HikariPool-1 - Thread starvation or clock leap detected (housekeeper delta=3h50m48s698ms239µs900ns).
WARN HikariPool-1 housekeeper com.zaxxer.hikari.pool.HikariPool - HikariPool-1 - Thread starvation or clock leap detected (housekeeper delta=3h24m11s504ms217µs101ns).
WARN HikariPool-1 housekeeper com.zaxxer.hikari.pool.HikariPool - HikariPool-1 - Thread starvation or clock leap detected (housekeeper delta=56m12s907ms355µs800ns).
WARN HikariPool-1 housekeeper com.zaxxer.hikari.pool.HikariPool - HikariPool-1 - Thread starvation or clock leap detected (housekeeper delta=4m43s359ms538µs300ns).
WARN HikariPool-1 housekeeper com.zaxxer.hikari.pool.HikariPool - HikariPool-1 - Thread starvation or clock leap detected (housekeeper delta=2m7s139ms350µs100ns).
WARN HikariPool-1 housekeeper com.zaxxer.hikari.pool.HikariPool - HikariPool-1 - Thread starvation or clock leap detected (housekeeper delta=3m29s287ms904µs).
WARN HikariPool-1 housekeeper com.zaxxer.hikari.pool.HikariPool - HikariPool-1 - Thread starvation or clock leap detected (housekeeper delta=8m36s859ms267µs100ns).
WARN HikariPool-1 housekeeper com.zaxxer.hikari.pool.HikariPool - HikariPool-1 - Thread starvation or clock leap detected (housekeeper delta=31m57s298ms779µs400ns).
WARN HikariPool-1 housekeeper com.zaxxer.hikari.pool.HikariPool - HikariPool-1 - Thread starvation or clock leap detected (housekeeper delta=3m39s144ms675µs200ns).
WARN HikariPool-1 housekeeper com.zaxxer.hikari.pool.HikariPool - HikariPool-1 - Thread starvation or clock leap detected (housekeeper delta=1m22s615ms883µs).
WARN HikariPool-1 housekeeper com.zaxxer.hikari.pool.HikariPool - HikariPool-1 - Thread starvation or clock leap detected (housekeeper delta=16h1m53s262ms890µs).
WARN HikariPool-1 housekeeper com.zaxxer.hikari.pool.HikariPool - HikariPool-1 - Thread starvation or clock leap detected (housekeeper delta=36m27s524ms200µs101ns).
INFO JavaFX Application Thread com.zaxxer.hikari.HikariDataSource - HikariPool-1 - Starting...
INFO JavaFX Application Thread com.zaxxer.hikari.HikariDataSource - HikariPool-1 - Start completed.
INFO JavaFX Application Thread com.zaxxer.hikari.HikariDataSource - HikariPool-1 - Starting...
INFO JavaFX Application Thread com.zaxxer.hikari.HikariDataSource - HikariPool-1 - Start completed.
INFO JavaFX Application Thread com.zaxxer.hikari.HikariDataSource - HikariPool-1 - Starting...
INFO JavaFX Application Thread com.zaxxer.hikari.HikariDataSource - HikariPool-1 - Start completed.
INFO JavaFX Application Thread com.zaxxer.hikari.HikariDataSource - HikariPool-1 - Starting...
INFO JavaFX Application Thread com.zaxxer.hikari.HikariDataSource - HikariPool-1 - Start completed.
INFO JavaFX Application Thread com.zaxxer.hikari.HikariDataSource - HikariPool-1 - Starting...
INFO JavaFX Application Thread com.zaxxer.hikari.HikariDataSource - HikariPool-1 - Start completed.
INFO JavaFX Application Thread com.zaxxer.hikari.HikariDataSource - HikariPool-1 - Starting...
INFO JavaFX Application Thread com.zaxxer.hikari.HikariDataSource - HikariPool-1 - Start completed.
INFO JavaFX Application Thread com.zaxxer.hikari.HikariDataSource - HikariPool-1 - Starting...
INFO JavaFX Application Thread com.zaxxer.hikari.HikariDataSource - HikariPool-1 - Start completed.
INFO JavaFX Application Thread com.zaxxer.hikari.HikariDataSource - HikariPool-1 - Starting...
INFO JavaFX Application Thread com.zaxxer.hikari.HikariDataSource - HikariPool-1 - Start completed.
INFO JavaFX Application Thread com.zaxxer.hikari.HikariDataSource - HikariPool-1 - Starting...
INFO JavaFX Application Thread com.zaxxer.hikari.HikariDataSource - HikariPool-1 - Start completed.
INFO JavaFX Application Thread com.zaxxer.hikari.HikariDataSource - HikariPool-1 - Starting...
INFO JavaFX Application Thread com.zaxxer.hikari.HikariDataSource - HikariPool-1 - Start completed.
INFO JavaFX Application Thread com.zaxxer.hikari.HikariDataSource - HikariPool-1 - Starting...
INFO JavaFX Application Thread com.zaxxer.hikari.HikariDataSource - HikariPool-1 - Start completed.
INFO JavaFX Application Thread com.zaxxer.hikari.HikariDataSource - HikariPool-1 - Starting...
INFO JavaFX Application Thread com.zaxxer.hikari.HikariDataSource - HikariPool-1 - Start completed.
INFO JavaFX Application Thread com.zaxxer.hikari.HikariDataSource - HikariPool-1 - Starting...
INFO JavaFX Application Thread com.zaxxer.hikari.HikariDataSource - HikariPool-1 - Start completed.
INFO JavaFX Application Thread com.zaxxer.hikari.HikariDataSource - HikariPool-1 - Starting...
INFO JavaFX Application Thread com.zaxxer.hikari.HikariDataSource - HikariPool-1 - Start completed.
INFO JavaFX Application Thread com.zaxxer.hikari.HikariDataSource - HikariPool-1 - Starting...
INFO JavaFX Application Thread com.zaxxer.hikari.HikariDataSource - HikariPool-1 - Start completed.
WARN HikariPool-1 housekeeper com.zaxxer.hikari.pool.HikariPool - HikariPool-1 - Thread starvation or clock leap detected (housekeeper delta=7m17s943ms867µs).
WARN HikariPool-1 housekeeper com.zaxxer.hikari.pool.HikariPool - HikariPool-1 - Thread starvation or clock leap detected (housekeeper delta=45s561ms417µs900ns).
WARN HikariPool-1 housekeeper com.zaxxer.hikari.pool.HikariPool - HikariPool-1 - Thread starvation or clock leap detected (housekeeper delta=8h27m34s587ms858µs300ns).
WARN HikariPool-1 housekeeper com.zaxxer.hikari.pool.HikariPool - HikariPool-1 - Thread starvation or clock leap detected (housekeeper delta=1h3m58s146ms834µs500ns).
WARN HikariPool-1 housekeeper com.zaxxer.hikari.pool.HikariPool - HikariPool-1 - Thread starvation or clock leap detected (housekeeper delta=2m49s789ms444µs).
WARN HikariPool-1 housekeeper com.zaxxer.hikari.pool.HikariPool - HikariPool-1 - Thread starvation or clock leap detected (housekeeper delta=1m10s434ms560µs500ns).
WARN HikariPool-1 housekeeper com.zaxxer.hikari.pool.HikariPool - HikariPool-1 - Thread starvation or clock leap detected (housekeeper delta=8m20s279ms624µs300ns).
WARN HikariPool-1 housekeeper com.zaxxer.hikari.pool.HikariPool - HikariPool-1 - Thread starvation or clock leap detected (housekeeper delta=1h2m44s810ms468µs800ns).
WARN HikariPool-1 housekeeper com.zaxxer.hikari.pool.HikariPool - HikariPool-1 - Thread starvation or clock leap detected (housekeeper delta=6m11s720ms55µs100ns).
